<?xml version="1.0" encoding="UTF-8"?>
<!-- Generated by org.testng.reporters.JUnitReportReporter -->
<testsuite hostname="Ashwini" failures="0" tests="2" name="authentication.BearerTokenAuth" time="17.656" errors="0" timestamp="2023-05-12T12:05:13 IST" skipped="0">
  <testcase classname="authentication.BearerTokenAuth" name="bearerTokenAuth" time="13.782"/>
  <system-out/>
  <testcase classname="authentication.BearerTokenAuth" name="deleteRepo" time="3.874"/>
  <system-out/>
</testsuite> <!-- authentication.BearerTokenAuth -->
