<?xml version="1.0" encoding="UTF-8"?>
<!-- Generated by org.testng.reporters.JUnitReportReporter -->
<testsuite hostname="Ashwini" failures="0" tests="1" name="serializationAndDeserialization.EmpHusbSpouseSerialization" time="0.205" errors="0" timestamp="2023-05-05T13:25:26 IST" skipped="0">
  <testcase classname="serializationAndDeserialization.EmpHusbSpouseSerialization" name="serializationEmpHusbSpouse" time="0.205"/>
  <system-out/>
</testsuite> <!-- serializationAndDeserialization.EmpHusbSpouseSerialization -->
