<?xml version="1.0" encoding="UTF-8"?>
<!-- Generated by org.testng.reporters.JUnitReportReporter -->
<testsuite hostname="Ashwini" failures="0" tests="1" name="reqChaining.ReqChainingUsingPojoClassReq" time="2.897" errors="0" timestamp="2023-05-11T13:01:33 IST" skipped="0">
  <testcase classname="reqChaining.ReqChainingUsingPojoClassReq" name="reqChaining" time="2.897"/>
  <system-out/>
</testsuite> <!-- reqChaining.ReqChainingUsingPojoClassReq -->
