<?xml version="1.0" encoding="UTF-8"?>
<!-- Generated by org.testng.reporters.JUnitReportReporter -->
<testsuite hostname="Ashwini" failures="0" tests="1" name="reqChaining.ReqchainingPrac" time="3.003" errors="0" timestamp="2023-05-11T17:19:49 IST" skipped="0">
  <testcase classname="reqChaining.ReqchainingPrac" name="reqchainingPrac" time="3.003"/>
  <system-out/>
</testsuite> <!-- reqChaining.ReqchainingPrac -->
