<?xml version="1.0" encoding="UTF-8"?>
<!-- Generated by org.testng.reporters.JUnitReportReporter -->
<testsuite hostname="Ashwini" failures="0" tests="1" name="authentication.PreemptiveAuthentication" time="1.945" errors="0" timestamp="2023-05-12T10:54:19 IST" skipped="0">
  <testcase classname="authentication.PreemptiveAuthentication" name="preemptiveAuth" time="1.945"/>
  <system-out/>
</testsuite> <!-- authentication.PreemptiveAuthentication -->
