<?xml version="1.0" encoding="UTF-8"?>
<!-- Generated by org.testng.reporters.JUnitReportReporter -->
<testsuite hostname="Ashwini" failures="0" tests="1" name="postRequest.UsingPojoClass" time="1.969" errors="0" timestamp="2023-05-09T11:19:27 IST" skipped="0">
  <testcase classname="postRequest.UsingPojoClass" name="usingPojoClass" time="1.969"/>
  <system-out/>
</testsuite> <!-- postRequest.UsingPojoClass -->
