<?xml version="1.0" encoding="UTF-8"?>
<!-- Generated by org.testng.reporters.JUnitReportReporter -->
<testsuite hostname="Ashwini" failures="0" tests="1" name="authentication.DigestiveAuthentication" time="2.101" errors="0" timestamp="2023-05-12T10:48:29 IST" skipped="0">
  <testcase classname="authentication.DigestiveAuthentication" name="digestiveAuth" time="2.101"/>
  <system-out/>
</testsuite> <!-- authentication.DigestiveAuthentication -->
