<?xml version="1.0" encoding="UTF-8"?>
<!-- Generated by org.testng.reporters.JUnitReportReporter -->
<testsuite hostname="Ashwini" failures="0" tests="1" name="validation.StaticResponseValidation" time="2.573" errors="0" timestamp="2023-05-09T15:19:31 IST" skipped="0">
  <testcase classname="validation.StaticResponseValidation" name="staticResponse" time="2.573"/>
  <system-out/>
</testsuite> <!-- validation.StaticResponseValidation -->
