<?xml version="1.0" encoding="UTF-8"?>
<!-- Generated by org.testng.reporters.JUnitReportReporter -->
<testsuite hostname="Ashwini" failures="0" tests="1" name="crudWithoutBDD.GetSingleProject" time="1.748" errors="0" timestamp="2023-05-12T10:15:22 IST" skipped="0">
  <testcase classname="crudWithoutBDD.GetSingleProject" name="getSingleProject" time="1.748"/>
  <system-out/>
</testsuite> <!-- crudWithoutBDD.GetSingleProject -->
