<?xml version="1.0" encoding="UTF-8"?>
<!-- Generated by org.testng.reporters.JUnitReportReporter -->
<testsuite hostname="Ashwini" failures="0" tests="1" name="parameters.QueryParameter" time="2.478" errors="0" timestamp="2023-05-11T11:20:15 IST" skipped="0">
  <testcase classname="parameters.QueryParameter" name="queryParameter" time="2.478"/>
  <system-out/>
</testsuite> <!-- parameters.QueryParameter -->
