<?xml version="1.0" encoding="UTF-8"?>
<!-- Generated by org.testng.reporters.JUnitReportReporter -->
<testsuite hostname="Ashwini" failures="0" tests="7" name="authentication.Oauth2Chiken" time="8.032" errors="0" timestamp="2023-05-12T13:29:08 IST" skipped="0">
  <testcase classname="authentication.Oauth2Chiken" name="getoauth" time="3.549"/>
  <system-out/>
  <testcase classname="authentication.Oauth2Chiken" name="get_the_Number_of_Eggs_Collected_Today" time="0.733"/>
  <system-out/>
  <testcase classname="authentication.Oauth2Chiken" name="retrieves_user_that_tied_to_the_access_token" time="0.828"/>
  <system-out/>
  <testcase classname="authentication.Oauth2Chiken" name="unlock_the_Barn" time="0.552"/>
  <system-out/>
  <testcase classname="authentication.Oauth2Chiken" name="put_the_Toilet_Seat_Down" time="0.501"/>
  <system-out/>
  <testcase classname="authentication.Oauth2Chiken" name="feed_Your_Chickens" time="1.064"/>
  <system-out/>
  <testcase classname="authentication.Oauth2Chiken" name="collect_Eggs_from_Your_Chickens" time="0.805"/>
  <system-out/>
</testsuite> <!-- authentication.Oauth2Chiken -->
