<?xml version="1.0" encoding="UTF-8"?>
<!-- Generated by org.testng.reporters.JUnitReportReporter -->
<testsuite hostname="Ashwini" failures="0" tests="1" name="parameters.DeletePathParam" time="1.712" errors="0" timestamp="2023-05-11T11:13:02 IST" skipped="0">
  <testcase classname="parameters.DeletePathParam" name="deletePathParam" time="1.712"/>
  <system-out/>
</testsuite> <!-- parameters.DeletePathParam -->
