<?xml version="1.0" encoding="UTF-8"?>
<!-- Generated by org.testng.reporters.JUnitReportReporter -->
<testsuite hostname="Ashwini" failures="0" tests="1" name="serializationAndDeserialization.EmpSerializationArray" time="0.178" errors="0" timestamp="2023-05-09T22:22:35 IST" skipped="0">
  <testcase classname="serializationAndDeserialization.EmpSerializationArray" name="serialization" time="0.178"/>
  <system-out/>
</testsuite> <!-- serializationAndDeserialization.EmpSerializationArray -->
