<?xml version="1.0" encoding="UTF-8"?>
<!-- Generated by org.testng.reporters.JUnitReportReporter -->
<testsuite hostname="Ashwini" failures="0" tests="1" name="crudWithBDD.GetSingleProject" time="1.625" errors="0" timestamp="2023-05-08T15:51:38 IST" skipped="0">
  <testcase classname="crudWithBDD.GetSingleProject" name="getSingleProject" time="1.625"/>
  <system-out/>
</testsuite> <!-- crudWithBDD.GetSingleProject -->
