<?xml version="1.0" encoding="UTF-8"?>
<!-- Generated by org.testng.reporters.JUnitReportReporter -->
<testsuite hostname="Ashwini" failures="0" tests="2" name="dataProvider.CreateMultipleProjectUsing_DataProvider" time="2.081" errors="0" timestamp="2023-05-11T16:00:19 IST" skipped="0">
  <testcase classname="dataProvider.CreateMultipleProjectUsing_DataProvider" name="createProject" time="0.133"/>
  <system-out/>
  <testcase classname="dataProvider.CreateMultipleProjectUsing_DataProvider" name="createProject" time="1.948"/>
  <system-out/>
</testsuite> <!-- dataProvider.CreateMultipleProjectUsing_DataProvider -->
