<?xml version="1.0" encoding="UTF-8"?>
<!-- Generated by org.testng.reporters.JUnitReportReporter -->
<testsuite hostname="Ashwini" failures="0" tests="1" name="crudWithBDD.GetAllProject" time="1.772" errors="0" timestamp="2023-05-08T15:49:20 IST" skipped="0">
  <testcase classname="crudWithBDD.GetAllProject" name="getAllProject" time="1.772"/>
  <system-out/>
</testsuite> <!-- crudWithBDD.GetAllProject -->
