<?xml version="1.0" encoding="UTF-8"?>
<!-- Generated by org.testng.reporters.JUnitReportReporter -->
<testsuite hostname="Ashwini" failures="0" tests="1" name="serializationAndDeserialization.EmpHusbSpouseDeserialization" time="0.329" errors="0" timestamp="2023-05-05T13:27:31 IST" skipped="0">
  <testcase classname="serializationAndDeserialization.EmpHusbSpouseDeserialization" name="deserialization" time="0.329"/>
  <system-out/>
</testsuite> <!-- serializationAndDeserialization.EmpHusbSpouseDeserialization -->
