<?xml version="1.0" encoding="UTF-8"?>
<!-- Generated by org.testng.reporters.JUnitReportReporter -->
<testsuite hostname="Ashwini" failures="0" tests="1" name="crudWithoutBDD.CreateProject" time="2.468" errors="0" timestamp="2023-05-12T10:14:29 IST" skipped="0">
  <testcase classname="crudWithoutBDD.CreateProject" name="createProject" time="2.468"/>
  <system-out/>
</testsuite> <!-- crudWithoutBDD.CreateProject -->
