<?xml version="1.0" encoding="UTF-8"?>
<!-- Generated by org.testng.reporters.JUnitReportReporter -->
<testsuite hostname="Ashwini" failures="0" tests="1" name="serializationAndDeserialization.PracticePojoClassSerialization" time="0.230" errors="0" timestamp="2023-05-05T21:41:18 IST" skipped="0">
  <testcase classname="serializationAndDeserialization.PracticePojoClassSerialization" name="practicePojoClassSerialization" time="0.230"/>
  <system-out/>
</testsuite> <!-- serializationAndDeserialization.PracticePojoClassSerialization -->
