<?xml version="1.0" encoding="UTF-8"?>
<!-- Generated by org.testng.reporters.JUnitReportReporter -->
<testsuite hostname="Ashwini" failures="0" tests="1" name="authentication.BasicAuthentication" time="1.826" errors="0" timestamp="2023-05-12T10:43:11 IST" skipped="0">
  <testcase classname="authentication.BasicAuthentication" name="basicAuthen" time="1.826"/>
  <system-out/>
</testsuite> <!-- authentication.BasicAuthentication -->
