<?xml version="1.0" encoding="UTF-8"?>
<!-- Generated by org.testng.reporters.JUnitReportReporter -->
<testsuite hostname="Ashwini" failures="0" tests="1" name="crudWithoutBDD.UpdateProject" time="1.918" errors="0" timestamp="2023-05-08T17:14:14 IST" skipped="0">
  <testcase classname="crudWithoutBDD.UpdateProject" name="updateProject" time="1.918"/>
  <system-out/>
</testsuite> <!-- crudWithoutBDD.UpdateProject -->
