<?xml version="1.0" encoding="UTF-8"?>
<!-- Generated by org.testng.reporters.JUnitReportReporter -->
<testsuite hostname="Ashwini" failures="0" tests="1" name="crudWithoutBDD.GetAllProject" time="2.032" errors="0" timestamp="2023-05-08T11:56:20 IST" skipped="0">
  <testcase classname="crudWithoutBDD.GetAllProject" name="detAllProject" time="2.032"/>
  <system-out/>
</testsuite> <!-- crudWithoutBDD.GetAllProject -->
