<?xml version="1.0" encoding="UTF-8"?>
<!-- Generated by org.testng.reporters.JUnitReportReporter -->
<testsuite hostname="Ashwini" failures="0" tests="1" name="crudWithoutBDD.DeleteProject" time="2.546" errors="0" timestamp="2023-05-12T10:15:40 IST" skipped="0">
  <testcase classname="crudWithoutBDD.DeleteProject" name="deleteProject" time="2.546"/>
  <system-out/>
</testsuite> <!-- crudWithoutBDD.DeleteProject -->
