<?xml version="1.0" encoding="UTF-8"?>
<!-- Generated by org.testng.reporters.JUnitReportReporter -->
<testsuite hostname="Ashwini" failures="0" tests="1" name="parameters.UpdateUsingPathParam" time="1.915" errors="0" timestamp="2023-05-11T11:06:46 IST" skipped="0">
  <testcase classname="parameters.UpdateUsingPathParam" name="updateUsingPathParam" time="1.915"/>
  <system-out/>
</testsuite> <!-- parameters.UpdateUsingPathParam -->
