<?xml version="1.0" encoding="UTF-8"?>
<!-- Generated by org.testng.reporters.JUnitReportReporter -->
<testsuite hostname="Ashwini" failures="0" tests="1" name="parameters.PathParameter" time="1.653" errors="0" timestamp="2023-05-11T10:48:57 IST" skipped="0">
  <testcase classname="parameters.PathParameter" name="pathParameter" time="1.653"/>
  <system-out/>
</testsuite> <!-- parameters.PathParameter -->
