<?xml version="1.0" encoding="UTF-8"?>
<!-- Generated by org.testng.reporters.JUnitReportReporter -->
<testsuite hostname="Ashwini" failures="0" tests="2" name="serializationAndDeserialization.PracticePojoClassDeserialization" time="0.211" errors="0" timestamp="2023-05-05T16:13:38 IST" skipped="0">
  <testcase classname="serializationAndDeserialization.PracticePojoClassDeserialization" name="practicePojoClassSerialization" time="0.204"/>
  <system-out/>
  <testcase classname="serializationAndDeserialization.PracticePojoClassDeserialization" name="readingDataFromJsonFileInTheSameClass" time="0.007"/>
  <system-out/>
</testsuite> <!-- serializationAndDeserialization.PracticePojoClassDeserialization -->
