<?xml version="1.0" encoding="UTF-8"?>
<!-- Generated by org.testng.reporters.JUnitReportReporter -->
<testsuite hostname="Ashwini" failures="0" tests="1" name="serializationAndDeserialization.EmpDeserializationArray" time="0.223" errors="0" timestamp="2023-05-05T13:26:32 IST" skipped="0">
  <testcase classname="serializationAndDeserialization.EmpDeserializationArray" name="Deserialization" time="0.223"/>
  <system-out/>
</testsuite> <!-- serializationAndDeserialization.EmpDeserializationArray -->
