<?xml version="1.0" encoding="UTF-8"?>
<!-- Generated by org.testng.reporters.JUnitReportReporter -->
<testsuite hostname="Ashwini" failures="0" tests="1" name="postRequest.UsingHashMap" time="1.975" errors="0" timestamp="2023-05-09T11:24:47 IST" skipped="0">
  <testcase classname="postRequest.UsingHashMap" name="usingHashMap" time="1.975"/>
  <system-out/>
</testsuite> <!-- postRequest.UsingHashMap -->
